<?xml version="1.0" encoding="UTF-8"?>
<testng-results ignored="0" total="2" passed="2" failed="0" skipped="0">
  <reporter-output>
  </reporter-output>
  <suite started-at="2023-05-15T08:33:46 IST" name="Suite" finished-at="2023-05-15T08:34:06 IST" duration-ms="20641">
    <groups>
    </groups>
    <test started-at="2023-05-15T08:33:46 IST" name="Test" finished-at="2023-05-15T08:34:06 IST" duration-ms="20641">
      <class name="com.sam.tests.LoginTest">
        <test-method is-config="true" signature="setUp()[pri:0, instance:com.sam.tests.LoginTest@7ed7259e]" started-at="2023-05-15T08:33:46 IST" name="setUp" finished-at="2023-05-15T08:33:56 IST" duration-ms="10406" status="PASS">
          <reporter-output>
          </reporter-output>
        </test-method> <!-- setUp -->
        <test-method signature="loginTest1()[pri:0, instance:com.sam.tests.LoginTest@7ed7259e]" started-at="2023-05-15T08:33:56 IST" name="loginTest1" finished-at="2023-05-15T08:34:06 IST" duration-ms="9521" status="PASS">
          <reporter-output>
          </reporter-output>
        </test-method> <!-- loginTest1 -->
        <test-method is-config="true" signature="tearDown()[pri:0, instance:com.sam.tests.LoginTest@7ed7259e]" started-at="2023-05-15T08:34:06 IST" name="tearDown" finished-at="2023-05-15T08:34:06 IST" duration-ms="613" status="PASS">
          <reporter-output>
          </reporter-output>
        </test-method> <!-- tearDown -->
      </class> <!-- com.sam.tests.LoginTest -->
      <class name="com.sam.tests.HomePageTest">
        <test-method is-config="true" signature="setUp()[pri:0, instance:com.sam.tests.HomePageTest@7334aada]" started-at="2023-05-15T08:33:46 IST" name="setUp" finished-at="2023-05-15T08:33:56 IST" duration-ms="10299" status="PASS">
          <reporter-output>
          </reporter-output>
        </test-method> <!-- setUp -->
        <test-method signature="loginTest1()[pri:0, instance:com.sam.tests.HomePageTest@7334aada]" started-at="2023-05-15T08:33:56 IST" name="loginTest1" finished-at="2023-05-15T08:34:05 IST" duration-ms="8939" status="PASS">
          <reporter-output>
          </reporter-output>
        </test-method> <!-- loginTest1 -->
        <test-method is-config="true" signature="tearDown()[pri:0, instance:com.sam.tests.HomePageTest@7334aada]" started-at="2023-05-15T08:34:05 IST" name="tearDown" finished-at="2023-05-15T08:34:06 IST" duration-ms="539" status="PASS">
          <reporter-output>
          </reporter-output>
        </test-method> <!-- tearDown -->
      </class> <!-- com.sam.tests.HomePageTest -->
    </test> <!-- Test -->
  </suite> <!-- Suite -->
</testng-results>
