<?xml version="1.0" encoding="UTF-8"?>
<testng-results ignored="0" total="1" passed="1" failed="0" skipped="0">
  <reporter-output>
  </reporter-output>
  <suite started-at="2023-05-18T16:54:05 IST" name="Suite" finished-at="2023-05-18T16:54:35 IST" duration-ms="30306">
    <groups>
    </groups>
    <test started-at="2023-05-18T16:54:05 IST" name="Test" finished-at="2023-05-18T16:54:35 IST" duration-ms="30306">
      <class name="com.sam.tests.OrangeHRMTest">
        <test-method is-config="true" signature="setUp()[pri:0, instance:com.sam.tests.OrangeHRMTest@2c767a52]" started-at="2023-05-18T16:54:05 IST" name="setUp" finished-at="2023-05-18T16:54:28 IST" duration-ms="22699" status="PASS">
          <reporter-output>
          </reporter-output>
        </test-method> <!-- setUp -->
        <test-method signature="loginLogoutTest()[pri:0, instance:com.sam.tests.OrangeHRMTest@2c767a52]" started-at="2023-05-18T16:54:28 IST" name="loginLogoutTest" finished-at="2023-05-18T16:54:35 IST" duration-ms="7112" status="PASS">
          <reporter-output>
          </reporter-output>
        </test-method> <!-- loginLogoutTest -->
        <test-method is-config="true" signature="tearDown()[pri:0, instance:com.sam.tests.OrangeHRMTest@2c767a52]" started-at="2023-05-18T16:54:35 IST" name="tearDown" finished-at="2023-05-18T16:54:35 IST" duration-ms="393" status="PASS">
          <reporter-output>
          </reporter-output>
        </test-method> <!-- tearDown -->
      </class> <!-- com.sam.tests.OrangeHRMTest -->
    </test> <!-- Test -->
  </suite> <!-- Suite -->
</testng-results>
